[    0.000000] Linux version 4.15.0-189-generic (buildd@lcy02-amd64-039) (gcc version 7.5.0 (Ubuntu 7.5.0-3ubuntu1~18.04)) #200-Ubuntu SMP Wed Jun 22 19:53:37 UTC 2022 (Ubuntu 4.15.0-189.200-generic 4.15.18)
[    0.000000] Command line: BOOT_IMAGE=/boot/vmlinuz-4.15.0-189-generic root=LABEL=cloudimg-rootfs ro console=tty1 console=ttyS0
[    0.000000] KERNEL supported cpus:
[    0.000000]   Intel GenuineIntel
[    0.000000]   AMD AuthenticAMD
[    0.000000]   Centaur CentaurHauls
[    0.000000] x86/fpu: Supporting XSAVE feature 0x001: 'x87 floating point registers'
[    0.000000] x86/fpu: Supporting XSAVE feature 0x002: 'SSE registers'
[    0.000000] x86/fpu: Supporting XSAVE feature 0x004: 'AVX registers'
[    0.000000] x86/fpu: xstate_offset[2]:  576, xstate_sizes[2]:  256
[    0.000000] x86/fpu: Enabled xstate features 0x7, context size is 832 bytes, using 'standard' format.
[    0.000000] e820: BIOS-provided physical RAM map:
[    0.000000] BIOS-e820: [mem 0x0000000000000000-0x000000000009fbff] usable
[    0.000000] BIOS-e820: [mem 0x000000000009fc00-0x000000000009ffff] reserved
[    0.000000] BIOS-e820: [mem 0x00000000000f0000-0x00000000000fffff] reserved
[    0.000000] BIOS-e820: [mem 0x0000000000100000-0x000000003ffeffff] usable
[    0.000000] BIOS-e820: [mem 0x000000003fff0000-0x000000003fffffff] ACPI data
[    0.000000] BIOS-e820: [mem 0x00000000fec00000-0x00000000fec00fff] reserved
[    0.000000] BIOS-e820: [mem 0x00000000fee00000-0x00000000fee00fff] reserved
[    0.000000] BIOS-e820: [mem 0x00000000fffc0000-0x00000000ffffffff] reserved
[    0.000000] NX (Execute Disable) protection: active
[    0.000000] SMBIOS 2.5 present.
[    0.000000] DMI: innotek GmbH VirtualBox/VirtualBox, BIOS VirtualBox 12/01/2006
[    0.000000] Hypervisor detected: KVM
[    0.000000] e820: last_pfn = 0x3fff0 max_arch_pfn = 0x400000000
[    0.000000] MTRR: Disabled
[    0.000000] x86/PAT: MTRRs disabled, skipping PAT initialization too.
[    0.000000] CPU MTRRs all blank - virtualized system.
[    0.000000] x86/PAT: Configuration [0-7]: WB  WT  UC- UC  WB  WT  UC- UC  
[    0.000000] found SMP MP-table at [mem 0x0009fff0-0x0009ffff]
[    0.000000] Scanning 1 areas for low memory corruption
[    0.000000] RAMDISK: [mem 0x359c5000-0x36cd9fff]
[    0.000000] ACPI: Early table checksum verification disabled
[    0.000000] ACPI: RSDP 0x00000000000E0000 000024 (v02 VBOX  )
[    0.000000] ACPI: XSDT 0x000000003FFF0030 00003C (v01 VBOX   VBOXXSDT 00000001 ASL  00000061)
[    0.000000] ACPI: FACP 0x000000003FFF00F0 0000F4 (v04 VBOX   VBOXFACP 00000001 ASL  00000061)
[    0.000000] ACPI: DSDT 0x000000003FFF0470 002325 (v02 VBOX   VBOXBIOS 00000002 INTL 20100528)
[    0.000000] ACPI: FACS 0x000000003FFF0200 000040
[    0.000000] ACPI: FACS 0x000000003FFF0200 000040
[    0.000000] ACPI: APIC 0x000000003FFF0240 00005C (v02 VBOX   VBOXAPIC 00000001 ASL  00000061)
[    0.000000] ACPI: SSDT 0x000000003FFF02A0 0001CC (v01 VBOX   VBOXCPUT 00000002 INTL 20100528)
[    0.000000] ACPI: Reserving FACP table memory at [mem 0x3fff00f0-0x3fff01e3]
[    0.000000] ACPI: Reserving DSDT table memory at [mem 0x3fff0470-0x3fff2794]
[    0.000000] ACPI: Reserving FACS table memory at [mem 0x3fff0200-0x3fff023f]
[    0.000000] ACPI: Reserving FACS table memory at [mem 0x3fff0200-0x3fff023f]
[    0.000000] ACPI: Reserving APIC table memory at [mem 0x3fff0240-0x3fff029b]
[    0.000000] ACPI: Reserving SSDT table memory at [mem 0x3fff02a0-0x3fff046b]
[    0.000000] No NUMA configuration found
[    0.000000] Faking a node at [mem 0x0000000000000000-0x000000003ffeffff]
[    0.000000] NODE_DATA(0) allocated [mem 0x3ffc5000-0x3ffeffff]
[    0.000000] kvm-clock: cpu 0, msr 0:3ff44001, primary cpu clock
[    0.000000] kvm-clock: Using msrs 4b564d01 and 4b564d00
[    0.000000] kvm-clock: using sched offset of 5161191714 cycles
[    0.000000] clocksource: kvm-clock: mask: 0xffffffffffffffff max_cycles: 0x1cd42e4dffb, max_idle_ns: 881590591483 ns
[    0.000000] Zone ranges:
[    0.000000]   DMA      [mem 0x0000000000001000-0x0000000000ffffff]
[    0.000000]   DMA32    [mem 0x0000000001000000-0x000000003ffeffff]
[    0.000000]   Normal   empty
[    0.000000]   Device   empty
[    0.000000] Movable zone start for each node
[    0.000000] Early memory node ranges
[    0.000000]   node   0: [mem 0x0000000000001000-0x000000000009efff]
[    0.000000]   node   0: [mem 0x0000000000100000-0x000000003ffeffff]
[    0.000000] Reserved but unavailable: 104 pages
[    0.000000] Initmem setup node 0 [mem 0x0000000000001000-0x000000003ffeffff]
[    0.000000] ACPI: PM-Timer IO Port: 0x4008
[    0.000000] IOAPIC[0]: apic_id 2, version 32, address 0xfec00000, GSI 0-23
[    0.000000] ACPI: INT_SRC_OVR (bus 0 bus_irq 0 global_irq 2 dfl dfl)
[    0.000000] ACPI: INT_SRC_OVR (bus 0 bus_irq 9 global_irq 9 low level)
[    0.000000] Using ACPI (MADT) for SMP configuration information
[    0.000000] smpboot: Allowing 2 CPUs, 0 hotplug CPUs
[    0.000000] PM: Registered nosave memory: [mem 0x00000000-0x00000fff]
[    0.000000] PM: Registered nosave memory: [mem 0x0009f000-0x0009ffff]
[    0.000000] PM: Registered nosave memory: [mem 0x000a0000-0x000effff]
[    0.000000] PM: Registered nosave memory: [mem 0x000f0000-0x000fffff]
[    0.000000] e820: [mem 0x40000000-0xfebfffff] available for PCI devices
[    0.000000] Booting paravirtualized kernel on KVM
[    0.000000] clocksource: refined-jiffies: mask: 0xffffffff max_cycles: 0xffffffff, max_idle_ns: 7645519600211568 ns
[    0.000000] random: get_random_bytes called from start_kernel+0x99/0x500 with crng_init=0
[    0.000000] setup_percpu: NR_CPUS:8192 nr_cpumask_bits:2 nr_cpu_ids:2 nr_node_ids:1
[    0.000000] percpu: Embedded 50 pages/cpu s167936 r8192 d28672 u1048576
[    0.000000] PV qspinlock hash table entries: 256 (order: 0, 4096 bytes)
[    0.000000] Built 1 zonelists, mobility grouping on.  Total pages: 257913
[    0.000000] Policy zone: DMA32
[    0.000000] Kernel command line: BOOT_IMAGE=/boot/vmlinuz-4.15.0-189-generic root=LABEL=cloudimg-rootfs ro console=tty1 console=ttyS0
[    0.000000] Memory: 982636K/1048120K available (12300K kernel code, 2484K rwdata, 4324K rodata, 2468K init, 2724K bss, 65484K reserved, 0K cma-reserved)
[    0.000000] SLUB: HWalign=64, Order=0-3, MinObjects=0, CPUs=2, Nodes=1
[    0.000000] Kernel/User page tables isolation: enabled
[    0.000000] ftrace: allocating 39515 entries in 155 pages
[    0.004000] Hierarchical RCU implementation.
[    0.004000] 	RCU restricting CPUs from NR_CPUS=8192 to nr_cpu_ids=2.
[    0.004000] 	Tasks RCU enabled.
[    0.004000] RCU: Adjusting geometry for rcu_fanout_leaf=16, nr_cpu_ids=2
[    0.004000] NR_IRQS: 524544, nr_irqs: 440, preallocated irqs: 16
[    0.004000] Console: colour VGA+ 80x25
[    0.004000] console [tty1] enabled
[    0.004000] console [ttyS0] enabled
[    0.004000] ACPI: Core revision 20170831
[    0.004000] ACPI: 2 ACPI AML tables successfully acquired and loaded
[    0.004000] APIC: Switch to symmetric I/O mode setup
[    0.004000] x2apic enabled
[    0.004000] Switched APIC routing to physical x2apic.
[    0.004000] ..TIMER: vector=0x30 apic1=0 pin1=2 apic2=-1 pin2=-1
[    0.004004] tsc: Detected 1991.999 MHz processor
[    0.005028] Calibrating delay loop (skipped) preset value.. 3983.99 BogoMIPS (lpj=7967996)
[    0.008003] pid_max: default: 32768 minimum: 301
[    0.009260] Security Framework initialized
[    0.010161] Yama: becoming mindful.
[    0.012023] AppArmor: AppArmor initialized
[    0.016026] Dentry cache hash table entries: 131072 (order: 8, 1048576 bytes)
[    0.017523] Inode-cache hash table entries: 65536 (order: 7, 524288 bytes)
[    0.018897] Mount-cache hash table entries: 2048 (order: 2, 16384 bytes)
[    0.020000] Mountpoint-cache hash table entries: 2048 (order: 2, 16384 bytes)
[    0.020277] Last level iTLB entries: 4KB 64, 2MB 8, 4MB 8
[    0.024003] Last level dTLB entries: 4KB 64, 2MB 0, 4MB 0, 1GB 4
[    0.025925] Spectre V1 : Mitigation: usercopy/swapgs barriers and __user pointer sanitization
[    0.027655] Spectre V2 : Mitigation: Retpolines
[    0.028004] Spectre V2 : Spectre v2 / SpectreRSB mitigation: Filling RSB on context switch
[    0.029680] Speculative Store Bypass: Vulnerable
[    0.030765] MDS: Mitigation: Clear CPU buffers
[    0.032001] MMIO Stale Data: Mitigation: Clear CPU buffers
[    0.033105] SRBDS: Unknown: Dependent on hypervisor status
[    0.034459] Freeing SMP alternatives memory: 36K
[    0.145987] smpboot: CPU0: Intel(R) Core(TM) i7-8550U CPU @ 1.80GHz (family: 0x6, model: 0x8e, stepping: 0xa)
[    0.148000] Performance Events: unsupported p6 CPU model 142 no PMU driver, software events only.
[    0.148000] Hierarchical SRCU implementation.
[    0.148702] NMI watchdog: Perf event create on CPU 0 failed with -2
[    0.152002] NMI watchdog: Perf NMI watchdog permanently disabled
[    0.153356] smp: Bringing up secondary CPUs ...
[    0.154397] x86: Booting SMP configuration:
[    0.155304] .... node  #0, CPUs:      #1
[    0.004000] kvm-clock: cpu 1, msr 0:3ff44041, secondary cpu clock
[    0.159515] smp: Brought up 1 node, 2 CPUs
[    0.160006] smpboot: Max logical packages: 1
[    0.161043] smpboot: Total of 2 processors activated (7967.99 BogoMIPS)
[    0.162906] devtmpfs: initialized
[    0.164049] x86/mm: Memory block size: 128MB
[    0.165172] evm: security.selinux
[    0.166025] evm: security.SMACK64
[    0.166900] evm: security.SMACK64EXEC
[    0.168002] evm: security.SMACK64TRANSMUTE
[    0.168905] evm: security.SMACK64MMAP
[    0.169816] evm: security.apparmor
[    0.170615] evm: security.ima
[    0.171594] evm: security.capability
[    0.172077] clocksource: jiffies: mask: 0xffffffff max_cycles: 0xffffffff, max_idle_ns: 7645041785100000 ns
[    0.174193] futex hash table entries: 512 (order: 3, 32768 bytes)
[    0.176054] pinctrl core: initialized pinctrl subsystem
[    0.180044] RTC time:  6:02:28, date: 07/26/22
[    0.181258] NET: Registered protocol family 16
[    0.182345] audit: initializing netlink subsys (disabled)
[    0.184013] audit: type=2000 audit(1658815355.010:1): state=initialized audit_enabled=0 res=1
[    0.187074] cpuidle: using governor ladder
[    0.188008] cpuidle: using governor menu
[    0.188808] ACPI: bus type PCI registered
[    0.189618] acpiphp: ACPI Hot Plug PCI Controller Driver version: 0.5
[    0.191035] PCI: Using configuration type 1 for base access
[    0.193068] HugeTLB registered 2.00 MiB page size, pre-allocated 0 pages
[    0.193467] ACPI: Added _OSI(Module Device)
[    0.196005] ACPI: Added _OSI(Processor Device)
[    0.196971] ACPI: Added _OSI(3.0 _SCP Extensions)
[    0.197971] ACPI: Added _OSI(Processor Aggregator Device)
[    0.199236] ACPI: Added _OSI(Linux-Dell-Video)
[    0.200003] ACPI: Added _OSI(Linux-Lenovo-NV-HDMI-Audio)
[    0.201211] ACPI: Added _OSI(Linux-HPI-Hybrid-Graphics)
[    0.202639] ACPI: Executed 1 blocks of module-level executable AML code
[    0.209509] ACPI: Interpreter enabled
[    0.210456] ACPI: (supports S0 S5)
[    0.211228] ACPI: Using IOAPIC for interrupt routing
[    0.212290] PCI: Using host bridge windows from ACPI; if necessary, use "pci=nocrs" and report a bug
[    0.214434] ACPI: Enabled 2 GPEs in block 00 to 07
[    0.222496] ACPI: PCI Root Bridge [PCI0] (domain 0000 [bus 00-ff])
[    0.223826] acpi PNP0A03:00: _OSC: OS supports [ASPM ClockPM Segments MSI]
[    0.224562] acpi PNP0A03:00: _OSC: not requesting OS control; OS requires [ExtendedConfig ASPM ClockPM MSI]
[    0.228003] acpi PNP0A03:00: fail to add MMCONFIG information, can't access extended PCI configuration space under this bridge.
[    0.230715] PCI host bridge to bus 0000:00
[    0.232003] pci_bus 0000:00: root bus resource [io  0x0000-0x0cf7 window]
[    0.233322] pci_bus 0000:00: root bus resource [io  0x0d00-0xffff window]
[    0.234704] pci_bus 0000:00: root bus resource [mem 0x000a0000-0x000bffff window]
[    0.236003] pci_bus 0000:00: root bus resource [mem 0x40000000-0xfdffffff window]
[    0.237722] pci_bus 0000:00: root bus resource [bus 00-ff]
[    0.242128] pci 0000:00:01.1: legacy IDE quirk: reg 0x10: [io  0x01f0-0x01f7]
[    0.244003] pci 0000:00:01.1: legacy IDE quirk: reg 0x14: [io  0x03f6]
[    0.245467] pci 0000:00:01.1: legacy IDE quirk: reg 0x18: [io  0x0170-0x0177]
[    0.246903] pci 0000:00:01.1: legacy IDE quirk: reg 0x1c: [io  0x0376]
[    0.262430] pci 0000:00:07.0: quirk: [io  0x4000-0x403f] claimed by PIIX4 ACPI
[    0.264000] pci 0000:00:07.0: quirk: [io  0x4100-0x410f] claimed by PIIX4 SMB
[    0.271328] ACPI: PCI Interrupt Link [LNKA] (IRQs 5 9 10 *11)
[    0.272345] ACPI: PCI Interrupt Link [LNKB] (IRQs 5 9 *10 11)
[    0.273675] ACPI: PCI Interrupt Link [LNKC] (IRQs 5 *9 10 11)
[    0.275117] ACPI: PCI Interrupt Link [LNKD] (IRQs 5 9 10 *11)
[    0.276412] SCSI subsystem initialized
[    0.277376] pci 0000:00:02.0: vgaarb: setting as boot VGA device
[    0.277376] pci 0000:00:02.0: vgaarb: VGA device added: decodes=io+mem,owns=io+mem,locks=none
[    0.280012] pci 0000:00:02.0: vgaarb: bridge control possible
[    0.281227] vgaarb: loaded
[    0.284005] ACPI: bus type USB registered
[    0.284928] usbcore: registered new interface driver usbfs
[    0.286030] usbcore: registered new interface driver hub
[    0.287316] usbcore: registered new device driver usb
[    0.288043] EDAC MC: Ver: 3.0.0
[    0.288980] PCI: Using ACPI for IRQ routing
[    0.289270] NetLabel: Initializing
[    0.290317] NetLabel:  domain hash size = 128
[    0.292014] NetLabel:  protocols = UNLABELED CIPSOv4 CALIPSO
[    0.293758] NetLabel:  unlabeled traffic allowed by default
[    0.296071] clocksource: Switched to clocksource kvm-clock
[    0.313921] VFS: Disk quotas dquot_6.6.0
[    0.314864] VFS: Dquot-cache hash table entries: 512 (order 0, 4096 bytes)
[    0.316374] AppArmor: AppArmor Filesystem Enabled
[    0.317419] pnp: PnP ACPI init
[    0.319149] pnp: PnP ACPI: found 3 devices
[    0.330090] clocksource: acpi_pm: mask: 0xffffff max_cycles: 0xffffff, max_idle_ns: 2085701024 ns
[    0.332045] NET: Registered protocol family 2
[    0.333197] IP idents hash table entries: 16384 (order: 5, 131072 bytes)
[    0.337347] TCP established hash table entries: 8192 (order: 4, 65536 bytes)
[    0.338908] TCP bind hash table entries: 8192 (order: 5, 131072 bytes)
[    0.340413] TCP: Hash tables configured (established 8192 bind 8192)
[    0.342172] UDP hash table entries: 512 (order: 2, 16384 bytes)
[    0.343440] UDP-Lite hash table entries: 512 (order: 2, 16384 bytes)
[    0.344839] NET: Registered protocol family 1
[    0.345770] pci 0000:00:00.0: Limiting direct PCI/PCI transfers
[    0.347087] pci 0000:00:01.0: Activating ISA DMA hang workarounds
[    0.348433] pci 0000:00:02.0: Video device with shadowed ROM at [mem 0x000c0000-0x000dffff]
[    0.350317] Unpacking initramfs...
[    0.661005] Freeing initrd memory: 19540K
[    0.662915] clocksource: tsc: mask: 0xffffffffffffffff max_cycles: 0x396d4ffc055, max_idle_ns: 881590662783 ns
[    0.665395] platform rtc_cmos: registered platform RTC device (no PNP device found)
[    0.667011] Scanning for low memory corruption every 60 seconds
[    0.669108] Initialise system trusted keyrings
[    0.670108] Key type blacklist registered
[    0.671198] workingset: timestamp_bits=36 max_order=18 bucket_order=0
[    0.673604] zbud: loaded
[    0.674743] squashfs: version 4.0 (2009/01/31) Phillip Lougher
[    0.676724] fuse init (API version 7.26)
[    0.682130] Key type asymmetric registered
[    0.683027] Asymmetric key parser 'x509' registered
[    0.684070] Block layer SCSI generic (bsg) driver version 0.4 loaded (major 246)
[    0.685994] io scheduler noop registered
[    0.686954] io scheduler deadline registered
[    0.687868] io scheduler cfq registered (default)
[    0.689123] ACPI: AC Adapter [AC] (on-line)
[    0.690044] input: Power Button as /devices/LNXSYSTM:00/LNXPWRBN:00/input/input0
[    0.691739] ACPI: Power Button [PWRF]
[    0.692910] input: Sleep Button as /devices/LNXSYSTM:00/LNXSLPBN:00/input/input1
[    0.695273] ACPI: Sleep Button [SLPF]
[    0.697325] ACPI: Battery Slot [BAT0] (battery present)
[    0.698634] Serial: 8250/16550 driver, 32 ports, IRQ sharing enabled
[    0.720894] 00:02: ttyS0 at I/O 0x3f8 (irq = 4, base_baud = 115200) is a 16550A
[    0.728610] Linux agpgart interface v0.103
[    0.731496] loop: module loaded
[    0.732738] scsi host0: ata_piix
[    0.733643] scsi host1: ata_piix
[    0.734469] ata1: PATA max UDMA/33 cmd 0x1f0 ctl 0x3f6 bmdma 0xd000 irq 14
[    0.735872] ata2: PATA max UDMA/33 cmd 0x170 ctl 0x376 bmdma 0xd008 irq 15
[    0.737542] tun: Universal TUN/TAP device driver, 1.6
[    0.738829] PPP generic driver version 2.4.2
[    0.739888] ehci_hcd: USB 2.0 'Enhanced' Host Controller (EHCI) Driver
[    0.741449] ehci-pci: EHCI PCI platform driver
[    0.743254] ehci-platform: EHCI generic platform driver
[    0.744814] ohci_hcd: USB 1.1 'Open' Host Controller (OHCI) Driver
[    0.746058] ohci-pci: OHCI PCI platform driver
[    0.746980] ohci-platform: OHCI generic platform driver
[    0.747974] uhci_hcd: USB Universal Host Controller Interface driver
[    0.749235] i8042: PNP: PS/2 Controller [PNP0303:PS2K,PNP0f03:PS2M] at 0x60,0x64 irq 1,12
[    0.751293] serio: i8042 KBD port at 0x60,0x64 irq 1
[    0.752272] serio: i8042 AUX port at 0x60,0x64 irq 12
[    0.753483] mousedev: PS/2 mouse device common for all mice
[    0.755414] rtc_cmos rtc_cmos: rtc core: registered rtc_cmos as rtc0
[    0.756815] rtc_cmos rtc_cmos: alarms up to one day, 114 bytes nvram
[    0.759067] input: AT Translated Set 2 keyboard as /devices/platform/i8042/serio0/input/input2
[    0.760218] i2c /dev entries driver
[    0.763374] device-mapper: uevent: version 1.0.3
[    0.764340] device-mapper: ioctl: 4.37.0-ioctl (2017-09-20) initialised: dm-devel@redhat.com
[    0.766077] ledtrig-cpu: registered to indicate activity on CPUs
[    0.768312] NET: Registered protocol family 10
[    0.773219] Segment Routing with IPv6
[    0.774055] NET: Registered protocol family 17
[    0.775455] Key type dns_resolver registered
[    0.777214] mce: Using 0 MCE banks
[    0.778283] RAS: Correctable Errors collector initialized.
[    0.779540] sched_clock: Marking stable (777046866, 0)->(978399525, -201352659)
[    0.781627] registered taskstats version 1
[    0.782563] Loading compiled-in X.509 certificates
[    0.786085] Loaded X.509 cert 'Build time autogenerated kernel key: 9c4811ffd453f4b0c13447eb15d717d926dfaff5'
[    0.788615] Loaded X.509 cert 'Canonical Ltd. Live Patch Signing: 14df34d1a87cf37625abec039ef2bf521249b969'
[    0.791201] Loaded X.509 cert 'Canonical Ltd. Kernel Module Signing: 88f752e560a1e0737e31163a466ad7b70a850c19'
[    0.794586] blacklist: Loading compiled-in revocation X.509 certificates
[    0.796682] Loaded X.509 cert 'Canonical Ltd. Secure Boot Signing: 61482aa2830d0ab2ad5af10b7250da9033ddcef0'
[    0.799016] zswap: loaded using pool lzo/zbud
[    0.803824] Key type big_key registered
[    0.804798] Key type trusted registered
[    0.807600] Key type encrypted registered
[    0.808586] AppArmor: AppArmor sha1 policy hashing enabled
[    0.810292] ima: No TPM chip found, activating TPM-bypass! (rc=-19)
[    0.812285] ima: Allocated hash algorithm: sha1
[    0.813242] evm: HMAC attrs: 0x1
[    0.814125]   Magic number: 14:555:14
[    0.814986] rtc_cmos rtc_cmos: setting system clock to 2022-07-26 06:02:29 UTC (1658815349)
[    0.816770] BIOS EDD facility v0.16 2004-Jun-25, 0 devices found
[    0.817892] EDD information not available.
[    0.922693] Freeing unused kernel image memory: 2468K
[    0.936294] Write protecting the kernel read-only data: 20480k
[    0.938200] Freeing unused kernel image memory: 2008K
[    0.939637] Freeing unused kernel image memory: 1820K
[    0.948621] x86/mm: Checked W+X mappings: passed, no W+X pages found.
[    0.950119] x86/mm: Checking user space page tables
[    0.959783] x86/mm: Checked W+X mappings: passed, no W+X pages found.
Loading, please wait...
starting version 237
[    1.039920] Fusion MPT base driver 3.04.20
[    1.041767] Copyright (c) 1999-2008 LSI Corporation
[    1.050445] e1000: Intel(R) PRO/1000 Network Driver - version 7.3.21-k8-NAPI
[    1.052072] e1000: Copyright (c) 1999-2006 Intel Corporation.
[    1.054233] Fusion MPT SPI Host driver 3.04.20
[    1.063741] AVX2 version of gcm_enc/dec engaged.
[    1.065087] AES CTR mode by8 optimization enabled
[    1.282220] input: ImExPS/2 Generic Explorer Mouse as /devices/platform/i8042/serio1/input/input4
[    1.658368] e1000 0000:00:03.0 eth0: (PCI:33MHz:32-bit) 02:70:df:2f:2a:c8
[    1.659967] e1000 0000:00:03.0 eth0: Intel(R) PRO/1000 Network Connection
[    1.663524] e1000 0000:00:03.0 enp0s3: renamed from eth0
[    1.664829] mptbase: ioc0: Initiating bringup
[    2.096730] ioc0: LSI53C1030 A0: Capabilities={Initiator}
[    4.630013] scsi host2: ioc0: LSI53C1030 A0, FwRev=00000000h, Ports=1, MaxQ=256, IRQ=20
[    6.668767] scsi 2:0:0:0: Direct-Access     VBOX     HARDDISK         1.0  PQ: 0 ANSI: 5
[    8.027899] scsi target2:0:0: Beginning Domain Validation
[    8.031595] scsi target2:0:0: Domain Validation skipping write tests
[    8.033356] scsi target2:0:0: Ending Domain Validation
[    8.035062] scsi target2:0:0: asynchronous
[    8.036567] scsi 2:0:1:0: Direct-Access     VBOX     HARDDISK         1.0  PQ: 0 ANSI: 5
[    8.476785] scsi target2:0:1: Beginning Domain Validation
[    8.479991] random: fast init done
[    8.481382] scsi target2:0:1: Domain Validation skipping write tests
[    8.482914] scsi target2:0:1: Ending Domain Validation
[    8.484281] scsi target2:0:1: asynchronous
[    8.489699] random: systemd-udevd: uninitialized urandom read (16 bytes read)
[    8.492328] random: systemd-udevd: uninitialized urandom read (16 bytes read)
[    8.493803] random: systemd-udevd: uninitialized urandom read (16 bytes read)
[    8.495927] sd 2:0:0:0: Attached scsi generic sg0 type 0
[    8.497314] sd 2:0:0:0: [sda] 83886080 512-byte logical blocks: (42.9 GB/40.0 GiB)
[    8.499129] sd 2:0:1:0: Attached scsi generic sg1 type 0
[    8.499214] sd 2:0:0:0: [sda] Write Protect is off
[    8.501900] sd 2:0:1:0: [sdb] 20480 512-byte logical blocks: (10.5 MB/10.0 MiB)
[    8.503527] sd 2:0:0:0: [sda] Incomplete mode parameter data
[    8.505161] sd 2:0:0:0: [sda] Assuming drive cache: write through
[    8.505280] sd 2:0:1:0: [sdb] Write Protect is off
[    8.508557] sd 2:0:1:0: [sdb] Incomplete mode parameter data
[    8.509843] sd 2:0:1:0: [sdb] Assuming drive cache: write through
[    8.541196]  sda: sda1
[    8.543597] sd 2:0:0:0: [sda] Attached SCSI disk
[    8.563463] sd 2:0:1:0: [sdb] Attached SCSI disk
Begin: Loading essential drivers ... [   10.220095] raid6: sse2x1   gen() 11468 MB/s
[   10.268062] raid6: sse2x1   xor()  7552 MB/s
[   10.316086] raid6: sse2x2   gen() 13747 MB/s
[   10.364091] raid6: sse2x2   xor()  9300 MB/s
[   10.412090] raid6: sse2x4   gen() 15508 MB/s
[   10.460047] raid6: sse2x4   xor()  8990 MB/s
[   10.508087] raid6: avx2x1   gen() 22955 MB/s
[   10.556901] raid6: avx2x1   xor() 16596 MB/s
[   10.604069] raid6: avx2x2   gen() 27133 MB/s
[   10.652086] raid6: avx2x2   xor() 16652 MB/s
[   10.700067] raid6: avx2x4   gen() 34600 MB/s
[   10.748067] raid6: avx2x4   xor() 19231 MB/s
[   10.749060] raid6: using algorithm avx2x4 gen() 34600 MB/s
[   10.750280] raid6: .... xor() 19231 MB/s, rmw enabled
[   10.751424] raid6: using avx2x2 recovery algorithm
[   10.753946] xor: automatically using best checksumming function   avx       
[   10.756802] async_tx: api initialized (async)
done.
Begin: Running /scripts/init-premount ... done.
Begin: Mounting root file system ... Begin: Running /scripts/local-top ... done.
Begin: Running /scripts/local-premount ... [   10.802719] Btrfs loaded, crc32c=crc32c-intel
Scanning for Btrfs filesystems
done.
Warning: fsck not present, so skipping root file system
[   10.856856] EXT4-fs (sda1): mounted filesystem with ordered data mode. Opts: (null)
done.
Begin: Running /scripts/local-bottom ... done.
Begin: Running /scripts/init-bottom ... done.
[   11.996919] ip_tables: (C) 2000-2006 Netfilter Core Team
[   12.092251] systemd[1]: systemd 237 running in system mode. (+PAM +AUDIT +SELINUX +IMA +APPARMOR +SMACK +SYSVINIT +UTMP +LIBCRYPTSETUP +GCRYPT +GNUTLS +ACL +XZ +LZ4 +SECCOMP +BLKID +ELFUTILS +KMOD -IDN2 +IDN -PCRE2 default-hierarchy=hybrid)
[   12.096359] systemd[1]: Detected virtualization oracle.
[   12.097481] systemd[1]: Detected architecture x86-64.

Welcome to [1mUbuntu 18.04.6 LTS[0m!

[   12.164994] systemd[1]: Set hostname to <ubuntu>.
[   12.233125] systemd[1]: Initializing machine ID from random generator.
[   12.234612] systemd[1]: Installed transient /etc/machine-id file.
[   12.337343] random: crng init done
[   12.338638] random: 7 urandom warning(s) missed due to ratelimiting
[   13.771539] systemd[1]: Reached target Swap.
[[0;32m  OK  [0m] Reached target Swap.
[   13.773338] systemd[1]: Set up automount Arbitrary Executable File Formats File System Automount Point.
[[0;32m  OK  [0m] Set up automount Arbitrary Executab…rmats File System Automount Point.
[   13.777519] systemd[1]: Created slice System Slice.
[[0;32m  OK  [0m] Created slice System Slice.
[   13.779401] systemd[1]: Listening on udev Control Socket.
[[0;32m  OK  [0m] Listening on udev Control Socket.
[[0;32m  OK  [0m] Listening on Journal Socket (/dev/log).
[[0;32m  OK  [0m] Listening on LVM2 poll daemon socket.
[[0;32m  OK  [0m] Listening on Journal Socket.
         Mounting POSIX Message Queue File System...
         Starting Uncomplicated firewall...
         Starting Load Kernel Modules...
         Starting Set the console keyboard layout...
[[0;32m  OK  [0m] Listening on Syslog Socket.
[[0;32m  OK  [0m] Listening on Network Service Netlink Socket.
[[0;32m  OK  [0m] Listening on udev Kernel Socket.
[[0;32m  OK  [0m] Created slice system-serial\x2dgetty.slice.
[[0;32m  OK  [0m] Listening on Device-mapper event daemon FIFOs.
[[0;32m  OK  [0m] Listening on LVM2 metadata daemon socket.
         Starting Monitoring of LVM2 mirrors…ng dmeventd or progress polling...
[[0;32m  OK  [0m] Listening on Journal Audit Socket.
         Starting Journal Service...
[[0;32m  OK  [0m] Reached target System Time Synchronized.
[[0;32m  OK  [0m] Listening on fsck to fsckd communication Socket.
         Starting File System Check on Root Device...
         Mounting Huge Pages File System...
[[0;32m  OK  [0m] Created slice User and Session Slice.
[[0;32m  OK  [0m] Reached target Slices.
         Starting Create list of required st…ce nodes for the current kernel...
         Starting udev Coldplug all Devices...
[[0;32m  OK  [0m] Reached target User and Group Name Lookups.
[[0;32m  OK  [0m] Listening on /dev/initctl Compatibility Named Pipe.
         Mounting Kernel Debug File System...
[[0;32m  OK  [0m] Started Forward Password Requests to Wall Directory Watch.
[[0;32m  OK  [0m] Mounted POSIX Message Queue File System.
[[0;32m  OK  [0m] Started Uncomplicated firewall.
[[0;32m  OK  [0m] Mounted Huge Pages File System.
[[0;32m  OK  [0m] Mounted Kernel Debug File System.
[[0;32m  OK  [0m] Started Journal Service.
[[0;32m  OK  [0m] Started File System Check Daemon to report status.
[[0;32m  OK  [0m] Started Create list of required sta…vice nodes for the current kernel.
         Starting Create Static Device Nodes in /dev...
[[0;32m  OK  [0m] Started udev Coldplug all Devices.
[   14.397862] Loading iSCSI transport class v2.0-870.
[[0;32m  OK  [0m] Started LVM2 metadata daemon.
[[0;32m  OK  [0m] Started File System Check on Root Device.
         Starting Remount Root and Kernel File Systems...
[   14.596764] iscsi: registered transport (tcp)
[   14.956650] EXT4-fs (sda1): re-mounted. Opts: (null)
[[0;32m  OK  [0m] Started Remount Root and Kernel File Systems.
[   14.978687] iscsi: registered transport (iser)
         Starting Flush Journal to Persistent Storage...
         Starting Load/Save Random Seed...
[[0;32m  OK  [0m] Started Load Kernel Modules.
[[0;32m  OK  [0m] Started Monitoring of LVM2 mirrors,…sing dmeventd or progress polling.
         Mounting Kernel Configuration File System...
         Mounting FUSE Control File System...
         Starting Apply Kernel Variables...
[[0;32m  OK  [0m] Started Create Static Device Nodes in /dev.
[[0;32m  OK  [0m] Mounted Kernel Configuration File System.
[[0;32m  OK  [0m] Mounted FUSE Control File System.
         Starting udev Kernel Device Manager...
[   15.170525] systemd-journald[411]: Received request to flush runtime journal from PID 1
[[0;32m  OK  [0m] Started Load/Save Random Seed.
[[0;32m  OK  [0m] Started Apply Kernel Variables.
[[0;32m  OK  [0m] Started Flush Journal to Persistent Storage.
[[0;32m  OK  [0m] Started udev Kernel Device Manager.
[[0;32m  OK  [0m] Found device /dev/ttyS0.
[[0;32m  OK  [0m] Listening on Load/Save RF Kill Switch Status /dev/rfkill Watch.
[[0;32m  OK  [0m] Started Set the console keyboard layout.
[[0;32m  OK  [0m] Reached target Local File Systems (Pre).
[[0;32m  OK  [0m] Reached target Local File Systems.
         Starting AppArmor initialization...
         Starting Set console font and keymap...
         Starting Create Volatile Files and Directories...
         Starting Tell Plymouth To Write Out Runtime Data...
         Starting Commit a transient machine-id on disk...
         Starting ebtables ruleset management...
[[0;32m  OK  [0m] Started Dispatch Password Requests to Console Directory Watch.
[[0;32m  OK  [0m] Reached target Local Encrypted Volumes.
[[0;32m  OK  [0m] Started Create Volatile Files and Directories.
         Starting Update UTMP about System Boot/Shutdown...
[[0;32m  OK  [0m] Started Tell Plymouth To Write Out Runtime Data.
[[0;32m  OK  [0m] Started Update UTMP about System Boot/Shutdown.
[[0;32m  OK  [0m] Started Commit a transient machine-id on disk.
[[0;32m  OK  [0m] Started ebtables ruleset management.
[[0;32m  OK  [0m] Started Set console font and keymap.
[[0;32m  OK  [0m] Started AppArmor initialization.
         Starting Initial cloud-init job (pre-networking)...
         Starting Load AppArmor profiles managed internally by snapd...
[[0;32m  OK  [0m] Started Load AppArmor profiles managed internally by snapd.
[   25.986978] cloud-init[797]: Cloud-init v. 22.2-0ubuntu1~18.04.3 running 'init-local' at Tue, 26 Jul 2022 06:02:53 +0000. Up 25.03 seconds.
[[0;32m  OK  [0m] Started Initial cloud-init job (pre-networking).
[[0;32m  OK  [0m] Reached target Network (Pre).
         Starting Network Service...
[[0;32m  OK  [0m] Started Network Service.
         Starting Network Name Resolution...
         Starting Wait for Network to be Configured...
[[0;32m  OK  [0m] Started Network Name Resolution.
[[0;32m  OK  [0m] Reached target Host and Network Name Lookups.
[[0;32m  OK  [0m] Reached target Network.
[[0;32m  OK  [0m] Started Wait for Network to be Configured.
         Starting Initial cloud-init job (metadata service crawler)...
[   28.078694] cloud-init[938]: Cloud-init v. 22.2-0ubuntu1~18.04.3 running 'init' at Tue, 26 Jul 2022 06:02:56 +0000. Up 27.83 seconds.
[   28.088635] cloud-init[938]: ci-info: ++++++++++++++++++++++++++++++++++++++Net device info++++++++++++++++++++++++++++++++++++++
[   28.090066] cloud-init[938]: ci-info: +--------+------+----------------------------+---------------+--------+-------------------+
[   28.091380] cloud-init[938]: ci-info: | Device |  Up  |          Address           |      Mask     | Scope  |     Hw-Address    |
[   28.092728] cloud-init[938]: ci-info: +--------+------+----------------------------+---------------+--------+-------------------+
[   28.094198] cloud-init[938]: ci-info: | enp0s3 | True |         10.0.2.15          | 255.255.255.0 | global | 02:70:df:2f:2a:c8 |
[   28.095679] cloud-init[938]: ci-info: | enp0s3 | True | fe80::70:dfff:fe2f:2ac8/64 |       .       |  link  | 02:70:df:2f:2a:c8 |
[   28.097269] cloud-init[938]: ci-info: |   lo   | True |         127.0.0.1          |   255.0.0.0   |  host  |         .         |
[   28.098787] cloud-init[938]: ci-info: |   lo   | True |          ::1/128           |       .       |  host  |         .         |
[   28.100183] cloud-init[938]: ci-info: +--------+------+----------------------------+---------------+--------+-------------------+
[   28.101668] cloud-init[938]: ci-info: ++++++++++++++++++++++++++++Route IPv4 info+++++++++++++++++++++++++++++
[   28.102941] cloud-init[938]: ci-info: +-------+-------------+----------+-----------------+-----------+-------+
[   28.104300] cloud-init[938]: ci-info: | Route | Destination | Gateway  |     Genmask     | Interface | Flags |
[   28.105612] cloud-init[938]: ci-info: +-------+-------------+----------+-----------------+-----------+-------+
[   28.106900] cloud-init[938]: ci-info: |   0   |   0.0.0.0   | 10.0.2.2 |     0.0.0.0     |   enp0s3  |   UG  |
[   28.108265] cloud-init[938]: ci-info: |   1   |   10.0.2.0  | 0.0.0.0  |  255.255.255.0  |   enp0s3  |   U   |
[   28.109573] cloud-init[938]: ci-info: |   2   |   10.0.2.2  | 0.0.0.0  | 255.255.255.255 |   enp0s3  |   UH  |
[   28.111003] cloud-init[938]: ci-info: +-------+-------------+----------+-----------------+-----------+-------+
[   28.112415] cloud-init[938]: ci-info: +++++++++++++++++++Route IPv6 info+++++++++++++++++++
[   28.113612] cloud-init[938]: ci-info: +-------+-------------+---------+-----------+-------+
[   28.114970] cloud-init[938]: ci-info: | Route | Destination | Gateway | Interface | Flags |
[   28.116289] cloud-init[938]: ci-info: +-------+-------------+---------+-----------+-------+
[   28.117502] cloud-init[938]: ci-info: |   1   |  fe80::/64  |    ::   |   enp0s3  |   U   |
[   28.118649] cloud-init[938]: ci-info: |   3   |    local    |    ::   |   enp0s3  |   U   |
[   28.119839] cloud-init[938]: ci-info: |   4   |   ff00::/8  |    ::   |   enp0s3  |   U   |
[   28.121042] cloud-init[938]: ci-info: +-------+-------------+---------+-----------+-------+
[   31.149748] cloud-init[938]: Generating public/private rsa key pair.
[   31.150555] cloud-init[938]: Your identification has been saved in /etc/ssh/ssh_host_rsa_key.
[   31.160368] cloud-init[938]: Your public key has been saved in /etc/ssh/ssh_host_rsa_key.pub.
[   31.172191] cloud-init[938]: The key fingerprint is:
[   31.184259] cloud-init[938]: SHA256:y6Cf6nIoaqHq1pdXDf68OPSTbn42YHWIcOiV5K6csEc root@ubuntu-bionic
[   31.196361] cloud-init[938]: The key's randomart image is:
[   31.196983] cloud-init[938]: +---[RSA 2048]----+
[   31.208581] [[0;32m  OK  [0m] Started Initial cloud-init job (metadata service crawler).
[[0;32m  OK  [0m] Reached target Cloud-config availability.
cloud-init[938]: |          o..    |
[[0;32m  OK  [0m] Reached target System Initialization.
[   31.221196] [[0;32m  OK  [0m] Started Daily Cleanup of Temporary Directories.
cloud-init[938]: |         o.+     |
[[0;32m  OK  [0m] Started ACPI Events Check.
[   31.223075] cloud-init[938]: |        . +.. .  |
[[0;32m  OK  [0m] Started Message of the Day.
[[0;32m  OK  [0m] Reached target Paths.
[[0;32m  OK  [0m] Listening on UUID daemon activation socket.
[   31.233347] cloud-init[938]: |         o.. o . |
[   31.257086] cloud-init[938]: |      ..SEo.. .  |
         Starting LXD - unix socket.
[   31.268515] [[0;32m  OK  [0m] Listening on Open-iSCSI iscsid Socket.
[[0;32m  OK  [0m] Started Discard unused blocks once a week.
cloud-init[938]: | .   . o==o+     |
[[0;32m  OK  [0m] Listening on D-Bus System Message Bus Socket.
[   31.270286] cloud-init[938]: |. o.. ..=== o    |
         Starting Socket activation for snappy daemon.
[   31.292696] [[0;32m  OK  [0m] Started Ubuntu Advantage Timer for running repeated jobs.
cloud-init[938]: |ooo..+ o...B +   |
[[0;32m  OK  [0m] Listening on ACPID Listen Socket.
[   31.294257] cloud-init[[938]: [0;32m  OK  [0m|Oo ++.+  .=+= .  |] 
Started Daily apt download activities.
[   31.295415] [[0;32m  OK  [0m] Started Daily apt upgrade and clean activities.
cloud-init[[938]: [0;32m  OK  [0m+----[SHA256]-----+] 
Reached target Timers.
[[0;32m  OK  [0m] Listening on cloud-init hotplug hook socket.
[[0;32m  OK  [0m] Reached target Network is Online.
[   31.297401] cloud-init[938]: Generating public/private dsa key pair.
         Starting Availability of block devices...
[   31.299677] [[0;32m  OK  [0m] Reached target Remote File Systems (Pre).
[[0;32m  OK  [0m] Reached target Remote File Systems.
[[0;32m  OK  [0m] Listening on LXD - unix socket.
[[0;32m  OK  [0m] Listening on Socket activation for snappy daemon.
[[0;32m  OK  [0m] Reached target Sockets.
[[0;32m  OK  [0m] Reached target Basic System.
cloud-init[938]: Your identification has been saved in /etc/ssh/ssh_host_dsa_key.
         Starting LSB: automatic crash report generation...
[   31.306353] cloud-init[938]: Your public key has been saved in /etc/ssh/ssh_host_dsa_key.pub.
[   31.309689] cloud-init[938]: The key fingerprint is:
[   31.321029] cloud-init[938]: SHA256:7SY2EwgJY6y7t7fcUBJZfQ1FXswQkNzS7FrGkmGf7qw root@ubuntu-bionic
[   31.332851] cloud-init[938]: The key's randomart image is:
         Starting Dispatcher daemon for systemd-networkd...
[   31.345625] cloud-init[938]: +---[DSA 1024]----+
         Starting Permit User Sessions...
[   31.372381] cloud-init[938]: | .+   .. .o@==.  |
[   31.388746] cloud-init[938]: | ..o +  . B.=.o  |
[   31.389249] cloud-init[938]: | .  =    o B..   |
         Starting Login Service...
[   31.394796] cloud-init[938]: |.    o . .o B    |
         Starting System Logging Service...
         Starting LSB: Record successful boot for GRUB...
[[0;32m  OK  [0m] Started D-Bus System Message Bus.
[   31.414563] cloud-init[938]: | .  . o S .*     |
[   31.440205] cloud-init[938]: |.    o   o. .    |
[   31.440648] cloud-init[938]: | .  .   = oo     |
[   31.452261] cloud-init[938]: |. ...o . =  o    |
[   31.464375] cloud-init[938]: | ..oo..   E.     |
[   31.476805] cloud-init[938]: +----[SHA256]-----+
[   31.477379] cloud-init[938]: Generating public/private ecdsa key pair.
[   31.478129] cloud-init[938]: Your identification has been saved in /etc/ssh/ssh_host_ecdsa_key.
[   31.488809] cloud-init[938]: Your public key has been saved in /etc/ssh/ssh_host_ecdsa_key.pub.
[   31.489510] cloud-init[938]: The key fingerprint is:
[   31.490039] cloud-init[938]: SHA256:wYro8vtxuqkJ61pk9dyuF+EybjZU+M8qEWg2aELyeps root@ubuntu-bionic
[   31.491114] cloud-init[938]: The key's randomart image is:
[   31.491984] cloud-init[938]: +---[ECDSA 256]---+
[   31.492777] cloud-init[938]: |                 |
[   31.493554] cloud-init[938]: |..     .         |
[   31.494320] cloud-init[938]: |o. ... .o        |
[   31.495077] cloud-init[938]: |. +o=+ooo.       |
[   31.495868] cloud-init[938]: | ++o..+=S.       |
[   31.496648] cloud-init[938]: |.+.   =.+        |
[   31.497405] cloud-init[938]: |o.oo.o.+.+       |
[   31.498081] cloud-init[938]: | *E. =*.. o      |
[   31.498899] cloud-init[938]: |=.=+=+.+..       |
[   31.499566] cloud-init[938]: +----[SHA256]-----+
[   31.500429] cloud-init[938]: Generating public/private ed25519 key pair.
[   31.501426] cloud-init[938]: Your identification has been saved in /etc/ssh/ssh_host_ed25519_key.
[   31.502650] cloud-init[938]: Your public key has been saved in /etc/ssh/ssh_host_ed25519_key.pub.
[   31.503867] cloud-init[938]: The key fingerprint is:
[   31.504697] cloud-init[938]: SHA256:0XuS3j0OtShtdnLyEPjDf6lZEpYf62eSUl85peW/q5s root@ubuntu-bionic
[   31.516547] cloud-init[938]: The key's randomart image is:
[   31.528227] cloud-init[938]: +--[ED25519 256]--+
[   31.540187] cloud-init[938]: |                 |
[   31.540823] cloud-init[938]: |         .       |
[   31.552240] cloud-init[938]: |        . .      |
[   31.564230] cloud-init[938]: |         . +  . o|
[   31.577093] cloud-init[938]: |        S = o+.=o|
[   31.588763] cloud-init[938]: |         . B.==+=|
[   31.600575] cloud-init[938]: |          o #o**=|
[   31.614147] cloud-init[938]: |           +.%Oo*|
[   31.625516] cloud-init[938]: |             EBB+|
[   31.626178] cloud-init[938]: +----[SHA256]-----+
         Starting Snap Daemon...
[[0;32m  OK  [0m] Started Deferred execution scheduler.
[[0;32m  OK  [0m] Started Regular background program processing daemon.
         Starting Accounts Service...
[[0;32m  OK  [0m] Started irqbalance daemon.
         Starting Pollinate to seed the pseudo random number generator...
         Starting Virtualbox guest utils...
[[0;32m  OK  [0m] Started FUSE filesystem for LXC.
         Starting LXD - container startup/shutdown...
[[0;32m  OK  [0m] Started System Logging Service.
[[0;32m  OK  [0m] Started Dispatcher daemon for systemd-networkd.
[[0;32m  OK  [0m] Started Availability of block devices.
[[0;32m  OK  [0m] Started Permit User Sessions.
[[0;32m  OK  [0m] Started Login Service.
[[0;32m  OK  [0m] Started Unattended Upgrades Shutdown.
         Starting Terminate Plymouth Boot Screen...
         Starting Hold until boot process finishes up...
[[0;32m  OK  [0m] Started Hold until boot process finishes up.
[[0;32m  OK  [0m] Started Terminate Plymouth Boot Screen.
         Starting Set console scheme...
[[0;32m  OK  [0m] Started Serial Getty on ttyS0.
[[0;32m  OK  [0m] Started LSB: automatic crash report generation.
[[0;32m  OK  [0m] Started Set console scheme.
[[0;32m  OK  [0m] Created slice system-getty.slice.
[[0;32m  OK  [0m] Started Getty on tty1.
[[0;32m  OK  [0m] Reached target Login Prompts.
         Starting Authorization Manager...
[[0;32m  OK  [0m] Started LSB: Record successful boot for GRUB.
[[0;32m  OK  [0m] Started Authorization Manager.
[[0;32m  OK  [0m] Started Accounts Service.
[[0;32m  OK  [0m] Started Virtualbox guest utils.
[[0;32m  OK  [0m] Started LXD - container startup/shutdown.
[[0;32m  OK  [0m] Started Snap Daemon.
         Starting Wait until snapd is fully seeded...

Ubuntu 18.04.6 LTS ubuntu-bionic ttyS0

ubuntu-bionic login: [   45.454661] cloud-init[1607]: Cloud-init v. 22.2-0ubuntu1~18.04.3 running 'modules:config' at Tue, 26 Jul 2022 06:03:09 +0000. Up 40.36 seconds.
ci-info: no authorized SSH keys fingerprints found for user ubuntu.
<14>Jul 26 06:03:15 cloud-init: #############################################################
<14>Jul 26 06:03:15 cloud-init: -----BEGIN SSH HOST KEY FINGERPRINTS-----
<14>Jul 26 06:03:15 cloud-init: 1024 SHA256:7SY2EwgJY6y7t7fcUBJZfQ1FXswQkNzS7FrGkmGf7qw root@ubuntu-bionic (DSA)
<14>Jul 26 06:03:15 cloud-init: 256 SHA256:wYro8vtxuqkJ61pk9dyuF+EybjZU+M8qEWg2aELyeps root@ubuntu-bionic (ECDSA)
<14>Jul 26 06:03:15 cloud-init: 256 SHA256:0XuS3j0OtShtdnLyEPjDf6lZEpYf62eSUl85peW/q5s root@ubuntu-bionic (ED25519)
<14>Jul 26 06:03:15 cloud-init: 2048 SHA256:y6Cf6nIoaqHq1pdXDf68OPSTbn42YHWIcOiV5K6csEc root@ubuntu-bionic (RSA)
<14>Jul 26 06:03:15 cloud-init: -----END SSH HOST KEY FINGERPRINTS-----
<14>Jul 26 06:03:15 cloud-init: #############################################################
-----BEGIN SSH HOST KEY KEYS-----
ecdsa-sha2-nistp256 AAAAE2VjZHNhLXNoYTItbmlzdHAyNTYAAAAIbmlzdHAyNTYAAABBBGEpz3oAqCLrknfnGGyM6Ov4wMlwcg0r/LJVjoqIw/W23Qfuzr3WGBHTOsodxnxE0Bjy0/vq9a4IGM0hPuyA2Qs= root@ubuntu-bionic
ssh-ed25519 AAAAC3NzaC1lZDI1NTE5AAAAIF5GvshVrmzhDfQ8j+QaOP0f0lWVwWBQAvMsp3Cxaq5G root@ubuntu-bionic
ssh-rsa AAAAB3NzaC1yc2EAAAADAQABAAABAQDVSridh63Qk0sgm/VD71kqPpAzPGuTylfhc+01laICQ98zJArTg7kTWvTx8kvFhHU+ZQghBiB46j+MgnPMIEbGGUET9sq2CDbWdXgHYYrx1j4VWDciVpIcoa3uzDq6DUVvr7089Z+MHb05g9umrNovHUQz8lP5FNUXCEYV+toZ0Dd6LkW3sminN//2b0n3EsfKyLi+SaQ2QhfxLULoNERp8YuhyD8W5ygVg8AawiKE+PIj8RPnKK1LSbkHpCDnJyH08YegqndNRHc2V21WX9BUgm58q21RcVthgvMxGk0SDbf8Rv7nvm9Yq+z4ynf6sPzFBHDfZ0jCrBbZ2r+SYlgT root@ubuntu-bionic
-----END SSH HOST KEY KEYS-----
[   47.166616] cloud-init[1752]: Cloud-init v. 22.2-0ubuntu1~18.04.3 running 'modules:final' at Tue, 26 Jul 2022 06:03:14 +0000. Up 46.05 seconds.
[   47.166726] cloud-init[1752]: Cloud-init v. 22.2-0ubuntu1~18.04.3 finished at Tue, 26 Jul 2022 06:03:15 +0000. Datasource DataSourceNoCloud [seed=/dev/sdb][dsmode=net].  Up 47.15 seconds
